#
# There is insufficient memory for the Java Runtime Environment to continue.
# Native memory allocation (mmap) failed to map 65536 bytes. Error detail: Failed to commit metaspace.
# Possible reasons:
#   The system is out of physical RAM or swap space
#   This process is running with CompressedOops enabled, and the Java Heap may be blocking the growth of the native heap
# Possible solutions:
#   Reduce memory load on the system
#   Increase physical memory or swap space
#   Check if swap backing store is full
#   Decrease Java heap size (-Xmx/-Xms)
#   Decrease number of Java threads
#   Decrease Java thread stack sizes (-Xss)
#   Set larger code cache with -XX:ReservedCodeCacheSize=
#   JVM is running with Unscaled Compressed Oops mode in which the Java heap is
#     placed in the first 4GB address space. The Java Heap base address is the
#     maximum limit for the native heap growth. Please use -XX:HeapBaseMinAddress
#     to set the Java Heap base and to place the Java Heap above 4GB virtual address.
# This output file may be truncated or incomplete.
#
#  Out of Memory Error (virtualSpaceNode.cpp:113), pid=2128, tid=16864
#
# JRE version: OpenJDK Runtime Environment JBR-21.0.4+13-509.17-jcef (21.0.4+13) (build 21.0.4+13-b509.17)
# Java VM: OpenJDK 64-Bit Server VM JBR-21.0.4+13-509.17-jcef (21.0.4+13-b509.17, mixed mode, tiered, compressed oops, compressed class ptrs, g1 gc, windows-amd64)
# No core dump will be written. Minidumps are not enabled by default on client versions of Windows
#

---------------  S U M M A R Y ------------

Command Line: git4idea.http.GitAskPassApp Password for 'https://mayurpatil29@github.com': 

Host: 11th Gen Intel(R) Core(TM) i3-1115G4 @ 3.00GHz, 4 cores, 7G,  Windows 11 , 64 bit Build 22621 (10.0.22621.5124)
Time: Wed Apr 23 16:25:21 2025 India Standard Time elapsed time: 0.191258 seconds (0d 0h 0m 0s)

---------------  T H R E A D  ---------------

Current thread (0x00000230ce524b30):  JavaThread "main"             [_thread_in_vm, id=16864, stack(0x00000056bc500000,0x00000056bc600000) (1024K)]

Stack: [0x00000056bc500000,0x00000056bc600000]
Native frames: (J=compiled Java code, j=interpreted, Vv=VM code, C=native code)
V  [jvm.dll+0x6e36d9]
V  [jvm.dll+0x8c0bd3]
V  [jvm.dll+0x8c312e]
V  [jvm.dll+0x8c3813]
V  [jvm.dll+0x288256]
V  [jvm.dll+0x8bba1e]
V  [jvm.dll+0x684b95]
V  [jvm.dll+0x1ea641]
V  [jvm.dll+0x1ea40e]
V  [jvm.dll+0x6874a8]
V  [jvm.dll+0x6872e2]
V  [jvm.dll+0x68554e]
V  [jvm.dll+0x27192f]
V  [jvm.dll+0x68f7d5]
V  [jvm.dll+0x21cbac]
V  [jvm.dll+0x21d0f5]
V  [jvm.dll+0x21dad6]
V  [jvm.dll+0x212b29]
V  [jvm.dll+0x5c2c23]
V  [jvm.dll+0x22444b]
V  [jvm.dll+0x837a6c]
V  [jvm.dll+0x838b12]
V  [jvm.dll+0x8390d4]
V  [jvm.dll+0x838d68]
V  [jvm.dll+0x27530b]
V  [jvm.dll+0x3e3aea]
C  0x00000230dba8f01b

The last pc belongs to ldc_w (printed below).
Java frames: (J=compiled Java code, j=interpreted, Vv=VM code)
j  java.lang.invoke.DirectMethodHandle.<clinit>()V+82 java.base@21.0.4
v  ~StubRoutines::call_stub 0x00000230dba810e7
j  java.lang.invoke.MethodHandles$Lookup.getDirectMethodCommon(BLjava/lang/Class;Ljava/lang/invoke/MemberName;ZZLjava/lang/invoke/MethodHandles$Lookup;)Ljava/lang/invoke/MethodHandle;+220 java.base@21.0.4
j  java.lang.invoke.MethodHandles$Lookup.getDirectMethodNoSecurityManager(BLjava/lang/Class;Ljava/lang/invoke/MemberName;Ljava/lang/invoke/MethodHandles$Lookup;)Ljava/lang/invoke/MethodHandle;+14 java.base@21.0.4
j  java.lang.invoke.MethodHandles$Lookup.getDirectMethodForConstant(BLjava/lang/Class;Ljava/lang/invoke/MemberName;)Ljava/lang/invoke/MethodHandle;+31 java.base@21.0.4
j  java.lang.invoke.MethodHandles$Lookup.linkMethodHandleConstant(BLjava/lang/Class;Ljava/lang/String;Ljava/lang/Object;)Ljava/lang/invoke/MethodHandle;+153 java.base@21.0.4
j  java.lang.invoke.MethodHandleNatives.linkMethodHandleConstant(Ljava/lang/Class;ILjava/lang/Class;Ljava/lang/String;Ljava/lang/Object;)Ljava/lang/invoke/MethodHandle;+38 java.base@21.0.4
v  ~StubRoutines::call_stub 0x00000230dba810e7
j  java.security.Security.<clinit>()V+9 java.base@21.0.4
v  ~StubRoutines::call_stub 0x00000230dba810e7
j  sun.security.jca.ProviderList.<init>()V+45 java.base@21.0.4
j  sun.security.jca.ProviderList$2.run()Lsun/security/jca/ProviderList;+4 java.base@21.0.4
j  sun.security.jca.ProviderList$2.run()Ljava/lang/Object;+1 java.base@21.0.4
j  java.security.AccessController.executePrivileged(Ljava/security/PrivilegedAction;Ljava/security/AccessControlContext;Ljava/lang/Class;)Ljava/lang/Object;+29 java.base@21.0.4
j  java.security.AccessController.doPrivileged(Ljava/security/PrivilegedAction;)Ljava/lang/Object;+5 java.base@21.0.4
j  sun.security.jca.ProviderList.fromSecurityProperties()Lsun/security/jca/ProviderList;+7 java.base@21.0.4
j  sun.security.jca.Providers.<clinit>()V+16 java.base@21.0.4
v  ~StubRoutines::call_stub 0x00000230dba810e7
j  sun.security.jca.GetInstance.getInstance(Ljava/lang/String;Ljava/lang/Class;Ljava/lang/String;)Lsun/security/jca/GetInstance$Instance;+0 java.base@21.0.4
j  javax.net.ssl.SSLContext.getInstance(Ljava/lang/String;)Ljavax/net/ssl/SSLContext;+12 java.base@21.0.4
j  externalApp.ExternalAppUtil.sendIdeRequest(Ljava/lang/String;ILjava/lang/String;Ljava/lang/String;)LexternalApp/ExternalAppUtil$Result;+34
j  git4idea.http.GitAskPassApp.main([Ljava/lang/String;)V+37
v  ~StubRoutines::call_stub 0x00000230dba810e7
ldc_w  19 ldc_w  [0x00000230dba8ef60, 0x00000230dba8f210]  688 bytes
[MachCode]
  0x00000230dba8ef60: 4883 ec08 | c5fa 1104 | 24eb 1f48 | 83ec 10c5 | fb11 0424 | eb14 4883 | ec10 4889 | 0424 48c7 
  0x00000230dba8ef80: 4424 0800 | 0000 00eb | 0150 410f | b75d 010f | cbc1 eb10 | 488b 4de8 | 488b 4908 | 488b 4908 
  0x00000230dba8efa0: 488b 4108 | 0fb6 5418 | 0483 fa64 | 740e 83fa | 6774 0983 | fa07 0f85 | bd00 0000 | ba01 0000 
  0x00000230dba8efc0: 00e8 0500 | 0000 e9a8 | 0000 0048 | 8d44 2408 | 4c89 6dc0 | 498b cfc5 | f877 4989 | afa8 0300 
  0x00000230dba8efe0: 0049 8987 | 9803 0000 | 4883 ec20 | 40f6 c40f | 0f84 1900 | 0000 4883 | ec08 48b8 | d039 02bb 
  0x00000230dba8f000: fc7f 0000 | ffd0 4883 | c408 e90c | 0000 0048 | b8d0 3902 | bbfc 7f00 | 00ff d048 | 83c4 2049 
  0x00000230dba8f020: c787 9803 | 0000 0000 | 0000 49c7 | 87a8 0300 | 0000 0000 | 0049 c787 | a003 0000 | 0000 0000 
  0x00000230dba8f040: c5f8 7749 | 837f 0800 | 0f84 0500 | 0000 e9ad | 1eff ff49 | 8b87 f003 | 0000 49c7 | 87f0 0300 
  0x00000230dba8f060: 0000 0000 | 004c 8b6d | c04c 8b75 | c84e 8d74 | f500 c350 | e97c 0100 | 0083 fa04 | 7514 c5fa 
  0x00000230dba8f080: 1044 d948 | 4883 ec08 | c5fa 1104 | 24e9 6301 | 0000 83fa | 0375 0a8b | 44d9 4850 | e954 0100 
  0x00000230dba8f0a0: 00ba 1300 | 0000 e805 | 0000 00e9 | a800 0000 | 488d 4424 | 084c 896d | c049 8bcf | c5f8 7749 
  0x00000230dba8f0c0: 89af a803 | 0000 4989 | 8798 0300 | 0048 83ec | 2040 f6c4 | 0f0f 8419 | 0000 0048 | 83ec 0848 
  0x00000230dba8f0e0: b850 5f02 | bbfc 7f00 | 00ff d048 | 83c4 08e9 | 0c00 0000 | 48b8 505f | 02bb fc7f | 0000 ffd0 
  0x00000230dba8f100: 4883 c420 | 49c7 8798 | 0300 0000 | 0000 0049 | c787 a803 | 0000 0000 | 0000 49c7 | 87a0 0300 
  0x00000230dba8f120: 0000 0000 | 00c5 f877 | 4983 7f08 | 000f 8405 | 0000 00e9 | c81d ffff | 498b 87f0 | 0300 0049 
  0x00000230dba8f140: c787 f003 | 0000 0000 | 0000 4c8b | 6dc0 4c8b | 75c8 4e8d | 74f5 00c3 | 498b 8ff8 | 0300 0049 
  0x00000230dba8f160: c787 f803 | 0000 0000 | 0000 8bd9 | 81e3 ffff | 0000 c1e9 | 1c83 e10f | 83f9 0475 | 098b 0418 
  0x00000230dba8f180: 50e9 6f00 | 0000 83f9 | 0675 13c5 | fa10 0418 | 4883 ec08 | c5fa 1104 | 24e9 5700 | 0000 83f9 
  0x00000230dba8f1a0: 0375 0a0f | bf04 1850 | e948 0000 | 0083 f900 | 750a 0fbe | 0418 50e9 | 3900 0000 | 83f9 0275 
  0x00000230dba8f1c0: 0a0f b704 | 1850 e92a | 0000 0083 | f901 750a | 0fbe 0418 | 50e9 1b00 | 0000 48b9 | 580e 70bb 
  0x00000230dba8f1e0: fc7f 0000 | 4883 e4f0 | 48b8 9082 | 27bb fc7f | 0000 ffd0 | f441 0fb6 | 5d03 4983 | c503 49ba 
  0x00000230dba8f200: 40b0 91bb | fc7f 0000 | 41ff 24da | 0f1f 4000 
[/MachCode]

---------------  P R O C E S S  ---------------

Threads class SMR info:
_java_thread_list=0x00000230e843bd90, length=11, elements={
0x00000230ce524b30, 0x00000230e8263190, 0x00000230e8264060, 0x00000230e82889d0,
0x00000230e8286800, 0x00000230e8287260, 0x00000230e8287cc0, 0x00000230e8284f30,
0x00000230e82943b0, 0x00000230e845f260, 0x00000230e8461eb0
}

Java Threads: ( => current thread )
=>0x00000230ce524b30 JavaThread "main"                              [_thread_in_vm, id=16864, stack(0x00000056bc500000,0x00000056bc600000) (1024K)]
  0x00000230e8263190 JavaThread "Reference Handler"          daemon [_thread_blocked, id=13864, stack(0x00000056bcd00000,0x00000056bce00000) (1024K)]
  0x00000230e8264060 JavaThread "Finalizer"                  daemon [_thread_blocked, id=8056, stack(0x00000056bce00000,0x00000056bcf00000) (1024K)]
  0x00000230e82889d0 JavaThread "Signal Dispatcher"          daemon [_thread_blocked, id=3296, stack(0x00000056bcf00000,0x00000056bd000000) (1024K)]
  0x00000230e8286800 JavaThread "Attach Listener"            daemon [_thread_blocked, id=16940, stack(0x00000056bd000000,0x00000056bd100000) (1024K)]
  0x00000230e8287260 JavaThread "Service Thread"             daemon [_thread_blocked, id=1516, stack(0x00000056bd100000,0x00000056bd200000) (1024K)]
  0x00000230e8287cc0 JavaThread "Monitor Deflation Thread"   daemon [_thread_blocked, id=20396, stack(0x00000056bd200000,0x00000056bd300000) (1024K)]
  0x00000230e8284f30 JavaThread "C2 CompilerThread0"         daemon [_thread_blocked, id=7288, stack(0x00000056bd300000,0x00000056bd400000) (1024K)]
  0x00000230e82943b0 JavaThread "C1 CompilerThread0"         daemon [_thread_blocked, id=20284, stack(0x00000056bd400000,0x00000056bd500000) (1024K)]
  0x00000230e845f260 JavaThread "Notification Thread"        daemon [_thread_blocked, id=18652, stack(0x00000056bd500000,0x00000056bd600000) (1024K)]
  0x00000230e8461eb0 JavaThread "Common-Cleaner"             daemon [_thread_blocked, id=16548, stack(0x00000056bd600000,0x00000056bd700000) (1024K)]
Total: 11

Other Threads:
  0x00000230e80f86c0 VMThread "VM Thread"                           [id=17544, stack(0x00000056bcc00000,0x00000056bcd00000) (1024K)]
  0x00000230e8071330 WatcherThread "VM Periodic Task Thread"        [id=1624, stack(0x00000056bcb00000,0x00000056bcc00000) (1024K)]
  0x00000230d06951d0 WorkerThread "GC Thread#0"                     [id=19576, stack(0x00000056bc600000,0x00000056bc700000) (1024K)]
  0x00000230d06a5740 ConcurrentGCThread "G1 Main Marker"            [id=17464, stack(0x00000056bc700000,0x00000056bc800000) (1024K)]
  0x00000230d06a7310 WorkerThread "G1 Conc#0"                       [id=2140, stack(0x00000056bc800000,0x00000056bc900000) (1024K)]
  0x00000230e7f40140 ConcurrentGCThread "G1 Refine#0"               [id=12856, stack(0x00000056bc900000,0x00000056bca00000) (1024K)]
  0x00000230e7f41970 ConcurrentGCThread "G1 Service"                [id=15288, stack(0x00000056bca00000,0x00000056bcb00000) (1024K)]
Total: 7

Threads with active compile tasks:
Total: 0

VM state: not at safepoint (normal execution)

VM Mutex/Monitor currently owned by a thread:  ([mutex/lock_event])
[0x00007ffcbb904748] Metaspace_lock - owner thread: 0x00000230ce524b30

Heap address: 0x0000000084c00000, size: 1972 MB, Compressed Oops mode: 32-bit

CDS archive(s) not mapped
Compressed class space mapped at: 0x0000000100000000-0x0000000140000000, reserved size: 1073741824
Narrow klass base: 0x0000000000000000, Narrow klass shift: 3, Narrow klass range: 0x140000000

GC Precious Log:
 CardTable entry size: 512
 Card Set container configuration: InlinePtr #cards 5 size 8 Array Of Cards #cards 12 size 40 Howl #buckets 4 coarsen threshold 1843 Howl Bitmap #cards 512 size 80 coarsen threshold 460 Card regions per heap region 1 cards per card region 2048
 CPUs: 4 total, 4 available
 Memory: 7886M
 Large Page Support: Disabled
 NUMA Support: Disabled
 Compressed Oops: Enabled (32-bit)
 Heap Region Size: 1M
 Heap Min Capacity: 8M
 Heap Initial Capacity: 124M
 Heap Max Capacity: 1972M
 Pre-touch: Disabled
 Parallel Workers: 4
 Concurrent Workers: 1
 Concurrent Refinement Workers: 4
 Periodic GC: Disabled

Heap:
 garbage-first heap   total 126976K, used 1024K [0x0000000084c00000, 0x0000000100000000)
  region size 1024K, 2 young (2048K), 0 survivors (0K)
 Metaspace       used 6150K, committed 6208K, reserved 1114112K
  class space    used 504K, committed 512K, reserved 1048576K

Heap Regions: E=young(eden), S=young(survivor), O=old, HS=humongous(starts), HC=humongous(continues), CS=collection set, F=free, TAMS=top-at-mark-start, PB=parsable bottom
|   0|0x0000000084c00000, 0x0000000084c00000, 0x0000000084d00000|  0%| F|  |TAMS 0x0000000084c00000| PB 0x0000000084c00000| Untracked 
|   1|0x0000000084d00000, 0x0000000084d00000, 0x0000000084e00000|  0%| F|  |TAMS 0x0000000084d00000| PB 0x0000000084d00000| Untracked 
|   2|0x0000000084e00000, 0x0000000084e00000, 0x0000000084f00000|  0%| F|  |TAMS 0x0000000084e00000| PB 0x0000000084e00000| Untracked 
|   3|0x0000000084f00000, 0x0000000084f00000, 0x0000000085000000|  0%| F|  |TAMS 0x0000000084f00000| PB 0x0000000084f00000| Untracked 
|   4|0x0000000085000000, 0x0000000085000000, 0x0000000085100000|  0%| F|  |TAMS 0x0000000085000000| PB 0x0000000085000000| Untracked 
|   5|0x0000000085100000, 0x0000000085100000, 0x0000000085200000|  0%| F|  |TAMS 0x0000000085100000| PB 0x0000000085100000| Untracked 
|   6|0x0000000085200000, 0x0000000085200000, 0x0000000085300000|  0%| F|  |TAMS 0x0000000085200000| PB 0x0000000085200000| Untracked 
|   7|0x0000000085300000, 0x0000000085300000, 0x0000000085400000|  0%| F|  |TAMS 0x0000000085300000| PB 0x0000000085300000| Untracked 
|   8|0x0000000085400000, 0x0000000085400000, 0x0000000085500000|  0%| F|  |TAMS 0x0000000085400000| PB 0x0000000085400000| Untracked 
|   9|0x0000000085500000, 0x0000000085500000, 0x0000000085600000|  0%| F|  |TAMS 0x0000000085500000| PB 0x0000000085500000| Untracked 
|  10|0x0000000085600000, 0x0000000085600000, 0x0000000085700000|  0%| F|  |TAMS 0x0000000085600000| PB 0x0000000085600000| Untracked 
|  11|0x0000000085700000, 0x0000000085700000, 0x0000000085800000|  0%| F|  |TAMS 0x0000000085700000| PB 0x0000000085700000| Untracked 
|  12|0x0000000085800000, 0x0000000085800000, 0x0000000085900000|  0%| F|  |TAMS 0x0000000085800000| PB 0x0000000085800000| Untracked 
|  13|0x0000000085900000, 0x0000000085900000, 0x0000000085a00000|  0%| F|  |TAMS 0x0000000085900000| PB 0x0000000085900000| Untracked 
|  14|0x0000000085a00000, 0x0000000085a00000, 0x0000000085b00000|  0%| F|  |TAMS 0x0000000085a00000| PB 0x0000000085a00000| Untracked 
|  15|0x0000000085b00000, 0x0000000085b00000, 0x0000000085c00000|  0%| F|  |TAMS 0x0000000085b00000| PB 0x0000000085b00000| Untracked 
|  16|0x0000000085c00000, 0x0000000085c00000, 0x0000000085d00000|  0%| F|  |TAMS 0x0000000085c00000| PB 0x0000000085c00000| Untracked 
|  17|0x0000000085d00000, 0x0000000085d00000, 0x0000000085e00000|  0%| F|  |TAMS 0x0000000085d00000| PB 0x0000000085d00000| Untracked 
|  18|0x0000000085e00000, 0x0000000085e00000, 0x0000000085f00000|  0%| F|  |TAMS 0x0000000085e00000| PB 0x0000000085e00000| Untracked 
|  19|0x0000000085f00000, 0x0000000085f00000, 0x0000000086000000|  0%| F|  |TAMS 0x0000000085f00000| PB 0x0000000085f00000| Untracked 
|  20|0x0000000086000000, 0x0000000086000000, 0x0000000086100000|  0%| F|  |TAMS 0x0000000086000000| PB 0x0000000086000000| Untracked 
|  21|0x0000000086100000, 0x0000000086100000, 0x0000000086200000|  0%| F|  |TAMS 0x0000000086100000| PB 0x0000000086100000| Untracked 
|  22|0x0000000086200000, 0x0000000086200000, 0x0000000086300000|  0%| F|  |TAMS 0x0000000086200000| PB 0x0000000086200000| Untracked 
|  23|0x0000000086300000, 0x0000000086300000, 0x0000000086400000|  0%| F|  |TAMS 0x0000000086300000| PB 0x0000000086300000| Untracked 
|  24|0x0000000086400000, 0x0000000086400000, 0x0000000086500000|  0%| F|  |TAMS 0x0000000086400000| PB 0x0000000086400000| Untracked 
|  25|0x0000000086500000, 0x0000000086500000, 0x0000000086600000|  0%| F|  |TAMS 0x0000000086500000| PB 0x0000000086500000| Untracked 
|  26|0x0000000086600000, 0x0000000086600000, 0x0000000086700000|  0%| F|  |TAMS 0x0000000086600000| PB 0x0000000086600000| Untracked 
|  27|0x0000000086700000, 0x0000000086700000, 0x0000000086800000|  0%| F|  |TAMS 0x0000000086700000| PB 0x0000000086700000| Untracked 
|  28|0x0000000086800000, 0x0000000086800000, 0x0000000086900000|  0%| F|  |TAMS 0x0000000086800000| PB 0x0000000086800000| Untracked 
|  29|0x0000000086900000, 0x0000000086900000, 0x0000000086a00000|  0%| F|  |TAMS 0x0000000086900000| PB 0x0000000086900000| Untracked 
|  30|0x0000000086a00000, 0x0000000086a00000, 0x0000000086b00000|  0%| F|  |TAMS 0x0000000086a00000| PB 0x0000000086a00000| Untracked 
|  31|0x0000000086b00000, 0x0000000086b00000, 0x0000000086c00000|  0%| F|  |TAMS 0x0000000086b00000| PB 0x0000000086b00000| Untracked 
|  32|0x0000000086c00000, 0x0000000086c00000, 0x0000000086d00000|  0%| F|  |TAMS 0x0000000086c00000| PB 0x0000000086c00000| Untracked 
|  33|0x0000000086d00000, 0x0000000086d00000, 0x0000000086e00000|  0%| F|  |TAMS 0x0000000086d00000| PB 0x0000000086d00000| Untracked 
|  34|0x0000000086e00000, 0x0000000086e00000, 0x0000000086f00000|  0%| F|  |TAMS 0x0000000086e00000| PB 0x0000000086e00000| Untracked 
|  35|0x0000000086f00000, 0x0000000086f00000, 0x0000000087000000|  0%| F|  |TAMS 0x0000000086f00000| PB 0x0000000086f00000| Untracked 
|  36|0x0000000087000000, 0x0000000087000000, 0x0000000087100000|  0%| F|  |TAMS 0x0000000087000000| PB 0x0000000087000000| Untracked 
|  37|0x0000000087100000, 0x0000000087100000, 0x0000000087200000|  0%| F|  |TAMS 0x0000000087100000| PB 0x0000000087100000| Untracked 
|  38|0x0000000087200000, 0x0000000087200000, 0x0000000087300000|  0%| F|  |TAMS 0x0000000087200000| PB 0x0000000087200000| Untracked 
|  39|0x0000000087300000, 0x0000000087300000, 0x0000000087400000|  0%| F|  |TAMS 0x0000000087300000| PB 0x0000000087300000| Untracked 
|  40|0x0000000087400000, 0x0000000087400000, 0x0000000087500000|  0%| F|  |TAMS 0x0000000087400000| PB 0x0000000087400000| Untracked 
|  41|0x0000000087500000, 0x0000000087500000, 0x0000000087600000|  0%| F|  |TAMS 0x0000000087500000| PB 0x0000000087500000| Untracked 
|  42|0x0000000087600000, 0x0000000087600000, 0x0000000087700000|  0%| F|  |TAMS 0x0000000087600000| PB 0x0000000087600000| Untracked 
|  43|0x0000000087700000, 0x0000000087700000, 0x0000000087800000|  0%| F|  |TAMS 0x0000000087700000| PB 0x0000000087700000| Untracked 
|  44|0x0000000087800000, 0x0000000087800000, 0x0000000087900000|  0%| F|  |TAMS 0x0000000087800000| PB 0x0000000087800000| Untracked 
|  45|0x0000000087900000, 0x0000000087900000, 0x0000000087a00000|  0%| F|  |TAMS 0x0000000087900000| PB 0x0000000087900000| Untracked 
|  46|0x0000000087a00000, 0x0000000087a00000, 0x0000000087b00000|  0%| F|  |TAMS 0x0000000087a00000| PB 0x0000000087a00000| Untracked 
|  47|0x0000000087b00000, 0x0000000087b00000, 0x0000000087c00000|  0%| F|  |TAMS 0x0000000087b00000| PB 0x0000000087b00000| Untracked 
|  48|0x0000000087c00000, 0x0000000087c00000, 0x0000000087d00000|  0%| F|  |TAMS 0x0000000087c00000| PB 0x0000000087c00000| Untracked 
|  49|0x0000000087d00000, 0x0000000087d00000, 0x0000000087e00000|  0%| F|  |TAMS 0x0000000087d00000| PB 0x0000000087d00000| Untracked 
|  50|0x0000000087e00000, 0x0000000087e00000, 0x0000000087f00000|  0%| F|  |TAMS 0x0000000087e00000| PB 0x0000000087e00000| Untracked 
|  51|0x0000000087f00000, 0x0000000087f00000, 0x0000000088000000|  0%| F|  |TAMS 0x0000000087f00000| PB 0x0000000087f00000| Untracked 
|  52|0x0000000088000000, 0x0000000088000000, 0x0000000088100000|  0%| F|  |TAMS 0x0000000088000000| PB 0x0000000088000000| Untracked 
|  53|0x0000000088100000, 0x0000000088100000, 0x0000000088200000|  0%| F|  |TAMS 0x0000000088100000| PB 0x0000000088100000| Untracked 
|  54|0x0000000088200000, 0x0000000088200000, 0x0000000088300000|  0%| F|  |TAMS 0x0000000088200000| PB 0x0000000088200000| Untracked 
|  55|0x0000000088300000, 0x0000000088300000, 0x0000000088400000|  0%| F|  |TAMS 0x0000000088300000| PB 0x0000000088300000| Untracked 
|  56|0x0000000088400000, 0x0000000088400000, 0x0000000088500000|  0%| F|  |TAMS 0x0000000088400000| PB 0x0000000088400000| Untracked 
|  57|0x0000000088500000, 0x0000000088500000, 0x0000000088600000|  0%| F|  |TAMS 0x0000000088500000| PB 0x0000000088500000| Untracked 
|  58|0x0000000088600000, 0x0000000088600000, 0x0000000088700000|  0%| F|  |TAMS 0x0000000088600000| PB 0x0000000088600000| Untracked 
|  59|0x0000000088700000, 0x0000000088700000, 0x0000000088800000|  0%| F|  |TAMS 0x0000000088700000| PB 0x0000000088700000| Untracked 
|  60|0x0000000088800000, 0x0000000088800000, 0x0000000088900000|  0%| F|  |TAMS 0x0000000088800000| PB 0x0000000088800000| Untracked 
|  61|0x0000000088900000, 0x0000000088900000, 0x0000000088a00000|  0%| F|  |TAMS 0x0000000088900000| PB 0x0000000088900000| Untracked 
|  62|0x0000000088a00000, 0x0000000088a00000, 0x0000000088b00000|  0%| F|  |TAMS 0x0000000088a00000| PB 0x0000000088a00000| Untracked 
|  63|0x0000000088b00000, 0x0000000088b00000, 0x0000000088c00000|  0%| F|  |TAMS 0x0000000088b00000| PB 0x0000000088b00000| Untracked 
|  64|0x0000000088c00000, 0x0000000088c00000, 0x0000000088d00000|  0%| F|  |TAMS 0x0000000088c00000| PB 0x0000000088c00000| Untracked 
|  65|0x0000000088d00000, 0x0000000088d00000, 0x0000000088e00000|  0%| F|  |TAMS 0x0000000088d00000| PB 0x0000000088d00000| Untracked 
|  66|0x0000000088e00000, 0x0000000088e00000, 0x0000000088f00000|  0%| F|  |TAMS 0x0000000088e00000| PB 0x0000000088e00000| Untracked 
|  67|0x0000000088f00000, 0x0000000088f00000, 0x0000000089000000|  0%| F|  |TAMS 0x0000000088f00000| PB 0x0000000088f00000| Untracked 
|  68|0x0000000089000000, 0x0000000089000000, 0x0000000089100000|  0%| F|  |TAMS 0x0000000089000000| PB 0x0000000089000000| Untracked 
|  69|0x0000000089100000, 0x0000000089100000, 0x0000000089200000|  0%| F|  |TAMS 0x0000000089100000| PB 0x0000000089100000| Untracked 
|  70|0x0000000089200000, 0x0000000089200000, 0x0000000089300000|  0%| F|  |TAMS 0x0000000089200000| PB 0x0000000089200000| Untracked 
|  71|0x0000000089300000, 0x0000000089300000, 0x0000000089400000|  0%| F|  |TAMS 0x0000000089300000| PB 0x0000000089300000| Untracked 
|  72|0x0000000089400000, 0x0000000089400000, 0x0000000089500000|  0%| F|  |TAMS 0x0000000089400000| PB 0x0000000089400000| Untracked 
|  73|0x0000000089500000, 0x0000000089500000, 0x0000000089600000|  0%| F|  |TAMS 0x0000000089500000| PB 0x0000000089500000| Untracked 
|  74|0x0000000089600000, 0x0000000089600000, 0x0000000089700000|  0%| F|  |TAMS 0x0000000089600000| PB 0x0000000089600000| Untracked 
|  75|0x0000000089700000, 0x0000000089700000, 0x0000000089800000|  0%| F|  |TAMS 0x0000000089700000| PB 0x0000000089700000| Untracked 
|  76|0x0000000089800000, 0x0000000089800000, 0x0000000089900000|  0%| F|  |TAMS 0x0000000089800000| PB 0x0000000089800000| Untracked 
|  77|0x0000000089900000, 0x0000000089900000, 0x0000000089a00000|  0%| F|  |TAMS 0x0000000089900000| PB 0x0000000089900000| Untracked 
|  78|0x0000000089a00000, 0x0000000089a00000, 0x0000000089b00000|  0%| F|  |TAMS 0x0000000089a00000| PB 0x0000000089a00000| Untracked 
|  79|0x0000000089b00000, 0x0000000089b00000, 0x0000000089c00000|  0%| F|  |TAMS 0x0000000089b00000| PB 0x0000000089b00000| Untracked 
|  80|0x0000000089c00000, 0x0000000089c00000, 0x0000000089d00000|  0%| F|  |TAMS 0x0000000089c00000| PB 0x0000000089c00000| Untracked 
|  81|0x0000000089d00000, 0x0000000089d00000, 0x0000000089e00000|  0%| F|  |TAMS 0x0000000089d00000| PB 0x0000000089d00000| Untracked 
|  82|0x0000000089e00000, 0x0000000089e00000, 0x0000000089f00000|  0%| F|  |TAMS 0x0000000089e00000| PB 0x0000000089e00000| Untracked 
|  83|0x0000000089f00000, 0x0000000089f00000, 0x000000008a000000|  0%| F|  |TAMS 0x0000000089f00000| PB 0x0000000089f00000| Untracked 
|  84|0x000000008a000000, 0x000000008a000000, 0x000000008a100000|  0%| F|  |TAMS 0x000000008a000000| PB 0x000000008a000000| Untracked 
|  85|0x000000008a100000, 0x000000008a100000, 0x000000008a200000|  0%| F|  |TAMS 0x000000008a100000| PB 0x000000008a100000| Untracked 
|  86|0x000000008a200000, 0x000000008a200000, 0x000000008a300000|  0%| F|  |TAMS 0x000000008a200000| PB 0x000000008a200000| Untracked 
|  87|0x000000008a300000, 0x000000008a300000, 0x000000008a400000|  0%| F|  |TAMS 0x000000008a300000| PB 0x000000008a300000| Untracked 
|  88|0x000000008a400000, 0x000000008a400000, 0x000000008a500000|  0%| F|  |TAMS 0x000000008a400000| PB 0x000000008a400000| Untracked 
|  89|0x000000008a500000, 0x000000008a500000, 0x000000008a600000|  0%| F|  |TAMS 0x000000008a500000| PB 0x000000008a500000| Untracked 
|  90|0x000000008a600000, 0x000000008a600000, 0x000000008a700000|  0%| F|  |TAMS 0x000000008a600000| PB 0x000000008a600000| Untracked 
|  91|0x000000008a700000, 0x000000008a700000, 0x000000008a800000|  0%| F|  |TAMS 0x000000008a700000| PB 0x000000008a700000| Untracked 
|  92|0x000000008a800000, 0x000000008a800000, 0x000000008a900000|  0%| F|  |TAMS 0x000000008a800000| PB 0x000000008a800000| Untracked 
|  93|0x000000008a900000, 0x000000008a900000, 0x000000008aa00000|  0%| F|  |TAMS 0x000000008a900000| PB 0x000000008a900000| Untracked 
|  94|0x000000008aa00000, 0x000000008aa00000, 0x000000008ab00000|  0%| F|  |TAMS 0x000000008aa00000| PB 0x000000008aa00000| Untracked 
|  95|0x000000008ab00000, 0x000000008ab00000, 0x000000008ac00000|  0%| F|  |TAMS 0x000000008ab00000| PB 0x000000008ab00000| Untracked 
|  96|0x000000008ac00000, 0x000000008ac00000, 0x000000008ad00000|  0%| F|  |TAMS 0x000000008ac00000| PB 0x000000008ac00000| Untracked 
|  97|0x000000008ad00000, 0x000000008ad00000, 0x000000008ae00000|  0%| F|  |TAMS 0x000000008ad00000| PB 0x000000008ad00000| Untracked 
|  98|0x000000008ae00000, 0x000000008ae00000, 0x000000008af00000|  0%| F|  |TAMS 0x000000008ae00000| PB 0x000000008ae00000| Untracked 
|  99|0x000000008af00000, 0x000000008af00000, 0x000000008b000000|  0%| F|  |TAMS 0x000000008af00000| PB 0x000000008af00000| Untracked 
| 100|0x000000008b000000, 0x000000008b000000, 0x000000008b100000|  0%| F|  |TAMS 0x000000008b000000| PB 0x000000008b000000| Untracked 
| 101|0x000000008b100000, 0x000000008b100000, 0x000000008b200000|  0%| F|  |TAMS 0x000000008b100000| PB 0x000000008b100000| Untracked 
| 102|0x000000008b200000, 0x000000008b200000, 0x000000008b300000|  0%| F|  |TAMS 0x000000008b200000| PB 0x000000008b200000| Untracked 
| 103|0x000000008b300000, 0x000000008b300000, 0x000000008b400000|  0%| F|  |TAMS 0x000000008b300000| PB 0x000000008b300000| Untracked 
| 104|0x000000008b400000, 0x000000008b400000, 0x000000008b500000|  0%| F|  |TAMS 0x000000008b400000| PB 0x000000008b400000| Untracked 
| 105|0x000000008b500000, 0x000000008b500000, 0x000000008b600000|  0%| F|  |TAMS 0x000000008b500000| PB 0x000000008b500000| Untracked 
| 106|0x000000008b600000, 0x000000008b600000, 0x000000008b700000|  0%| F|  |TAMS 0x000000008b600000| PB 0x000000008b600000| Untracked 
| 107|0x000000008b700000, 0x000000008b700000, 0x000000008b800000|  0%| F|  |TAMS 0x000000008b700000| PB 0x000000008b700000| Untracked 
| 108|0x000000008b800000, 0x000000008b800000, 0x000000008b900000|  0%| F|  |TAMS 0x000000008b800000| PB 0x000000008b800000| Untracked 
| 109|0x000000008b900000, 0x000000008b900000, 0x000000008ba00000|  0%| F|  |TAMS 0x000000008b900000| PB 0x000000008b900000| Untracked 
| 110|0x000000008ba00000, 0x000000008ba00000, 0x000000008bb00000|  0%| F|  |TAMS 0x000000008ba00000| PB 0x000000008ba00000| Untracked 
| 111|0x000000008bb00000, 0x000000008bb00000, 0x000000008bc00000|  0%| F|  |TAMS 0x000000008bb00000| PB 0x000000008bb00000| Untracked 
| 112|0x000000008bc00000, 0x000000008bc00000, 0x000000008bd00000|  0%| F|  |TAMS 0x000000008bc00000| PB 0x000000008bc00000| Untracked 
| 113|0x000000008bd00000, 0x000000008bd00000, 0x000000008be00000|  0%| F|  |TAMS 0x000000008bd00000| PB 0x000000008bd00000| Untracked 
| 114|0x000000008be00000, 0x000000008be00000, 0x000000008bf00000|  0%| F|  |TAMS 0x000000008be00000| PB 0x000000008be00000| Untracked 
| 115|0x000000008bf00000, 0x000000008bf00000, 0x000000008c000000|  0%| F|  |TAMS 0x000000008bf00000| PB 0x000000008bf00000| Untracked 
| 116|0x000000008c000000, 0x000000008c000000, 0x000000008c100000|  0%| F|  |TAMS 0x000000008c000000| PB 0x000000008c000000| Untracked 
| 117|0x000000008c100000, 0x000000008c100000, 0x000000008c200000|  0%| F|  |TAMS 0x000000008c100000| PB 0x000000008c100000| Untracked 
| 118|0x000000008c200000, 0x000000008c200000, 0x000000008c300000|  0%| F|  |TAMS 0x000000008c200000| PB 0x000000008c200000| Untracked 
| 119|0x000000008c300000, 0x000000008c300000, 0x000000008c400000|  0%| F|  |TAMS 0x000000008c300000| PB 0x000000008c300000| Untracked 
| 120|0x000000008c400000, 0x000000008c400000, 0x000000008c500000|  0%| F|  |TAMS 0x000000008c400000| PB 0x000000008c400000| Untracked 
| 121|0x000000008c500000, 0x000000008c500000, 0x000000008c600000|  0%| F|  |TAMS 0x000000008c500000| PB 0x000000008c500000| Untracked 
| 122|0x000000008c600000, 0x000000008c6c83e0, 0x000000008c700000| 78%| E|  |TAMS 0x000000008c600000| PB 0x000000008c600000| Complete 
| 123|0x000000008c700000, 0x000000008c800000, 0x000000008c800000|100%| E|CS|TAMS 0x000000008c700000| PB 0x000000008c700000| Complete 

Card table byte_map: [0x00000230e3930000,0x00000230e3d10000] _byte_map_base: 0x00000230e350a000

Marking Bits: (CMBitMap*) 0x00000230d06957e0
 Bits: [0x00000230e3d10000, 0x00000230e5be0000)

Polling page: 0x00000230cfe00000

Metaspace:

Usage:
  Non-class:      5.51 MB used.
      Class:    504.66 KB used.
       Both:      6.01 MB used.

Virtual space:
  Non-class space:       64.00 MB reserved,       5.56 MB (  9%) committed,  1 nodes.
      Class space:        1.00 GB reserved,     512.00 KB ( <1%) committed,  1 nodes.
             Both:        1.06 GB reserved,       6.06 MB ( <1%) committed. 

Chunk freelists:
   Non-Class:  10.23 MB
       Class:  15.50 MB
        Both:  25.74 MB

MaxMetaspaceSize: unlimited
CompressedClassSpaceSize: 1.00 GB
Initial GC threshold: 21.00 MB
Current GC threshold: 21.00 MB
CDS: off
 - commit_granule_bytes: 65536.
 - commit_granule_words: 8192.
 - virtual_space_node_default_size: 8388608.
 - enlarge_chunks_in_place: 1.
 - use_allocation_guard: 0.


Internal statistics:

num_allocs_failed_limit: 0.
num_arena_births: 4.
num_arena_deaths: 0.
num_vsnodes_births: 2.
num_vsnodes_deaths: 0.
num_space_committed: 97.
num_space_uncommitted: 0.
num_chunks_returned_to_freelist: 0.
num_chunks_taken_from_freelist: 14.
num_chunk_merges: 0.
num_chunk_splits: 5.
num_chunks_enlarged: 2.
num_inconsistent_stats: 0.

CodeHeap 'non-profiled nmethods': size=120000Kb used=15Kb max_used=15Kb free=119984Kb
 bounds [0x00000230dc020000, 0x00000230dc290000, 0x00000230e3550000]
CodeHeap 'profiled nmethods': size=120000Kb used=155Kb max_used=155Kb free=119844Kb
 bounds [0x00000230d4550000, 0x00000230d47c0000, 0x00000230dba80000]
CodeHeap 'non-nmethods': size=5760Kb used=1326Kb max_used=1337Kb free=4433Kb
 bounds [0x00000230dba80000, 0x00000230dbcf0000, 0x00000230dc020000]
 total_blobs=463 nmethods=106 adapters=262
 compilation: enabled
              stopped_count=0, restarted_count=0
 full_count=0

Compilation events (20 events):
Event: 0.165 Thread 0x00000230e82943b0   99       3       java.lang.CharacterDataLatin1::toUpperCase (67 bytes)
Event: 0.165 Thread 0x00000230e82943b0 nmethod 99 0x00000230d4573090 code [0x00000230d4573260, 0x00000230d45735b0]
Event: 0.165 Thread 0x00000230e82943b0  100       3       java.util.TreeMap::parentOf (13 bytes)
Event: 0.165 Thread 0x00000230e82943b0 nmethod 100 0x00000230d4573610 code [0x00000230d45737c0, 0x00000230d4573930]
Event: 0.165 Thread 0x00000230e82943b0   97       3       java.lang.Character::toUpperCase (6 bytes)
Event: 0.165 Thread 0x00000230e82943b0 nmethod 97 0x00000230d4573a10 code [0x00000230d4573bc0, 0x00000230d4573e10]
Event: 0.165 Thread 0x00000230e82943b0  104       3       java.lang.ProcessEnvironment$NameComparator::compare (90 bytes)
Event: 0.166 Thread 0x00000230e82943b0 nmethod 104 0x00000230d4573f10 code [0x00000230d4574220, 0x00000230d4575450]
Event: 0.166 Thread 0x00000230e82943b0   98       3       java.lang.Character::toUpperCase (9 bytes)
Event: 0.166 Thread 0x00000230e82943b0 nmethod 98 0x00000230d4575c90 code [0x00000230d4575e40, 0x00000230d4576030]
Event: 0.166 Thread 0x00000230e82943b0  103       3       java.lang.ProcessEnvironment$NameComparator::compare (13 bytes)
Event: 0.166 Thread 0x00000230e82943b0 nmethod 103 0x00000230d4576110 code [0x00000230d45762c0, 0x00000230d45765b8]
Event: 0.166 Thread 0x00000230e82943b0  101       1       java.util.HashMap$Node::getKey (5 bytes)
Event: 0.166 Thread 0x00000230e82943b0 nmethod 101 0x00000230dc023290 code [0x00000230dc023420, 0x00000230dc0234e8]
Event: 0.166 Thread 0x00000230e82943b0  102       1       java.util.HashMap$Node::getValue (5 bytes)
Event: 0.166 Thread 0x00000230e82943b0 nmethod 102 0x00000230dc023590 code [0x00000230dc023720, 0x00000230dc0237e8]
Event: 0.172 Thread 0x00000230e8284f30  105       4       java.lang.String::hashCode (60 bytes)
Event: 0.173 Thread 0x00000230e82943b0  106       3       java.util.HashMap::put (13 bytes)
Event: 0.173 Thread 0x00000230e82943b0 nmethod 106 0x00000230d4576690 code [0x00000230d4576860, 0x00000230d4576b60]
Event: 0.174 Thread 0x00000230e8284f30 nmethod 105 0x00000230dc023890 code [0x00000230dc023a40, 0x00000230dc023d38]

GC Heap History (0 events):
No events

Dll operation events (2 events):
Event: 0.008 Loaded shared library C:\Program Files\JetBrains\IntelliJ IDEA Community Edition 2024.2.1\jbr\bin\java.dll
Event: 0.014 Loaded shared library C:\Program Files\JetBrains\IntelliJ IDEA Community Edition 2024.2.1\jbr\bin\zip.dll

Deoptimization events (0 events):
No events

Classes loaded (20 events):
Event: 0.174 Loading class jdk/internal/math/FloatingDecimal$ASCIIToBinaryConverter
Event: 0.174 Loading class jdk/internal/math/FloatingDecimal$ASCIIToBinaryConverter done
Event: 0.174 Loading class jdk/internal/math/FloatingDecimal$PreparedASCIIToBinaryBuffer done
Event: 0.174 Loading class jdk/internal/math/FloatingDecimal$ASCIIToBinaryBuffer
Event: 0.174 Loading class jdk/internal/math/FloatingDecimal$ASCIIToBinaryBuffer done
Event: 0.174 Loading class java/util/LinkedHashSet
Event: 0.174 Loading class java/util/SequencedSet
Event: 0.175 Loading class java/util/SequencedSet done
Event: 0.175 Loading class java/util/LinkedHashSet done
Event: 0.175 Loading class java/util/LinkedHashMap
Event: 0.175 Loading class java/util/LinkedHashMap done
Event: 0.175 Loading class sun/security/jca/ProviderList$2
Event: 0.175 Loading class sun/security/jca/ProviderList$2 done
Event: 0.175 Loading class java/security/Security
Event: 0.176 Loading class java/security/Security done
Event: 0.176 Loading class java/lang/invoke/LambdaMetafactory
Event: 0.176 Loading class java/lang/invoke/LambdaMetafactory done
Event: 0.176 Loading class java/lang/invoke/LambdaForm$NamedFunction
Event: 0.176 Loading class java/lang/invoke/LambdaForm$NamedFunction done
Event: 0.176 Loading class java/lang/invoke/DirectMethodHandle$Holder

Classes unloaded (0 events):
No events

Classes redefined (0 events):
No events

Internal exceptions (0 events):
No events

ZGC Phase Switch (0 events):
No events

VM Operations (4 events):
Event: 0.162 Executing VM operation: HandshakeAllThreads (Deoptimize)
Event: 0.162 Executing VM operation: HandshakeAllThreads (Deoptimize) done
Event: 0.175 Executing VM operation: HandshakeAllThreads (Deoptimize)
Event: 0.175 Executing VM operation: HandshakeAllThreads (Deoptimize) done

Memory protections (0 events):
No events

Nmethod flushes (0 events):
No events

Events (14 events):
Event: 0.013 Thread 0x00000230ce524b30 Thread added: 0x00000230ce524b30
Event: 0.072 Thread 0x00000230ce524b30 Thread added: 0x00000230e8263190
Event: 0.073 Thread 0x00000230ce524b30 Thread added: 0x00000230e8264060
Event: 0.074 Thread 0x00000230ce524b30 Thread added: 0x00000230e82889d0
Event: 0.074 Thread 0x00000230ce524b30 Thread added: 0x00000230e8286800
Event: 0.074 Thread 0x00000230ce524b30 Thread added: 0x00000230e8287260
Event: 0.074 Thread 0x00000230ce524b30 Thread added: 0x00000230e8287cc0
Event: 0.074 Thread 0x00000230ce524b30 Thread added: 0x00000230e8284f30
Event: 0.075 Thread 0x00000230ce524b30 Thread added: 0x00000230e82943b0
Event: 0.124 Thread 0x00000230ce524b30 Thread added: 0x00000230e845f260
Event: 0.131 Thread 0x00000230ce524b30 Thread added: 0x00000230e8461eb0
Event: 0.142 Loaded shared library C:\Program Files\JetBrains\IntelliJ IDEA Community Edition 2024.2.1\jbr\bin\net.dll
Event: 0.145 Loaded shared library C:\Program Files\JetBrains\IntelliJ IDEA Community Edition 2024.2.1\jbr\bin\nio.dll
Event: 0.155 Loaded shared library C:\Program Files\JetBrains\IntelliJ IDEA Community Edition 2024.2.1\jbr\bin\zip.dll


Dynamic libraries:
0x00007ff6c9d10000 - 0x00007ff6c9d1a000 	C:\Program Files\JetBrains\IntelliJ IDEA Community Edition 2024.2.1\jbr\bin\java.exe
0x00007ffd5eab0000 - 0x00007ffd5ecc7000 	C:\WINDOWS\SYSTEM32\ntdll.dll
0x00007ffd5d470000 - 0x00007ffd5d534000 	C:\WINDOWS\System32\KERNEL32.DLL
0x00007ffd5bfa0000 - 0x00007ffd5c373000 	C:\WINDOWS\System32\KERNELBASE.dll
0x00007ffd5c440000 - 0x00007ffd5c551000 	C:\WINDOWS\System32\ucrtbase.dll
0x00007ffd44ae0000 - 0x00007ffd44af8000 	C:\Program Files\JetBrains\IntelliJ IDEA Community Edition 2024.2.1\jbr\bin\jli.dll
0x00007ffd5e4a0000 - 0x00007ffd5e651000 	C:\WINDOWS\System32\USER32.dll
0x00007ffd5bd00000 - 0x00007ffd5bd26000 	C:\WINDOWS\System32\win32u.dll
0x00007ffd5e430000 - 0x00007ffd5e459000 	C:\WINDOWS\System32\GDI32.dll
0x00007ffd46920000 - 0x00007ffd46bb8000 	C:\WINDOWS\WinSxS\amd64_microsoft.windows.common-controls_6595b64144ccf1df_6.0.22621.5124_none_270e8f4f7386d69d\COMCTL32.dll
0x00007ffd5c560000 - 0x00007ffd5c67b000 	C:\WINDOWS\System32\gdi32full.dll
0x00007ffd5c680000 - 0x00007ffd5c71a000 	C:\WINDOWS\System32\msvcp_win.dll
0x00007ffd5cf50000 - 0x00007ffd5cff7000 	C:\WINDOWS\System32\msvcrt.dll
0x00007ffd45590000 - 0x00007ffd455ab000 	C:\Program Files\JetBrains\IntelliJ IDEA Community Edition 2024.2.1\jbr\bin\VCRUNTIME140.dll
0x00007ffd5e460000 - 0x00007ffd5e491000 	C:\WINDOWS\System32\IMM32.DLL
0x00007ffd54000000 - 0x00007ffd5400c000 	C:\Program Files\JetBrains\IntelliJ IDEA Community Edition 2024.2.1\jbr\bin\vcruntime140_1.dll
0x00007ffd43690000 - 0x00007ffd4371d000 	C:\Program Files\JetBrains\IntelliJ IDEA Community Edition 2024.2.1\jbr\bin\msvcp140.dll
0x00007ffcbac40000 - 0x00007ffcbb9f7000 	C:\Program Files\JetBrains\IntelliJ IDEA Community Edition 2024.2.1\jbr\bin\server\jvm.dll
0x00007ffd5d570000 - 0x00007ffd5d621000 	C:\WINDOWS\System32\ADVAPI32.dll
0x00007ffd5cea0000 - 0x00007ffd5cf48000 	C:\WINDOWS\System32\sechost.dll
0x00007ffd5c720000 - 0x00007ffd5c748000 	C:\WINDOWS\System32\bcrypt.dll
0x00007ffd5d8b0000 - 0x00007ffd5d9c4000 	C:\WINDOWS\System32\RPCRT4.dll
0x00007ffd5d240000 - 0x00007ffd5d2b1000 	C:\WINDOWS\System32\WS2_32.dll
0x00007ffd5aa00000 - 0x00007ffd5aa4d000 	C:\WINDOWS\SYSTEM32\POWRPROF.dll
0x00007ffd52c30000 - 0x00007ffd52c64000 	C:\WINDOWS\SYSTEM32\WINMM.dll
0x00007ffd4c870000 - 0x00007ffd4c87a000 	C:\WINDOWS\SYSTEM32\VERSION.dll
0x00007ffd5a9e0000 - 0x00007ffd5a9f3000 	C:\WINDOWS\SYSTEM32\UMPDC.dll
0x00007ffd5aca0000 - 0x00007ffd5acb8000 	C:\WINDOWS\SYSTEM32\kernel.appcore.dll
0x00007ffd51db0000 - 0x00007ffd51dba000 	C:\Program Files\JetBrains\IntelliJ IDEA Community Edition 2024.2.1\jbr\bin\jimage.dll
0x00007ffd595a0000 - 0x00007ffd597d2000 	C:\WINDOWS\SYSTEM32\DBGHELP.DLL
0x00007ffd5e660000 - 0x00007ffd5e9f2000 	C:\WINDOWS\System32\combase.dll
0x00007ffd5d630000 - 0x00007ffd5d707000 	C:\WINDOWS\System32\OLEAUT32.dll
0x00007ffd3bfe0000 - 0x00007ffd3c012000 	C:\WINDOWS\SYSTEM32\dbgcore.DLL
0x00007ffd5bea0000 - 0x00007ffd5bf1b000 	C:\WINDOWS\System32\bcryptPrimitives.dll
0x00007ffd45570000 - 0x00007ffd4558f000 	C:\Program Files\JetBrains\IntelliJ IDEA Community Edition 2024.2.1\jbr\bin\java.dll
0x00007ffd44e00000 - 0x00007ffd44e18000 	C:\Program Files\JetBrains\IntelliJ IDEA Community Edition 2024.2.1\jbr\bin\zip.dll
0x00007ffd5db90000 - 0x00007ffd5e426000 	C:\WINDOWS\System32\SHELL32.dll
0x00007ffd5bbc0000 - 0x00007ffd5bcff000 	C:\WINDOWS\System32\wintypes.dll
0x00007ffd59aa0000 - 0x00007ffd5a3ba000 	C:\WINDOWS\SYSTEM32\windows.storage.dll
0x00007ffd5da80000 - 0x00007ffd5db8a000 	C:\WINDOWS\System32\SHCORE.dll
0x00007ffd5c920000 - 0x00007ffd5c983000 	C:\WINDOWS\System32\shlwapi.dll
0x00007ffd5baf0000 - 0x00007ffd5bb1b000 	C:\WINDOWS\SYSTEM32\profapi.dll
0x00007ffd46790000 - 0x00007ffd467a0000 	C:\Program Files\JetBrains\IntelliJ IDEA Community Edition 2024.2.1\jbr\bin\net.dll
0x00007ffd55980000 - 0x00007ffd55aac000 	C:\WINDOWS\SYSTEM32\WINHTTP.dll
0x00007ffd5b110000 - 0x00007ffd5b17a000 	C:\WINDOWS\system32\mswsock.dll
0x00007ffd44de0000 - 0x00007ffd44df6000 	C:\Program Files\JetBrains\IntelliJ IDEA Community Edition 2024.2.1\jbr\bin\nio.dll

dbghelp: loaded successfully - version: 4.0.5 - missing functions: none
symbol engine: initialized successfully - sym options: 0x614 - pdb path: .;C:\Program Files\JetBrains\IntelliJ IDEA Community Edition 2024.2.1\jbr\bin;C:\WINDOWS\SYSTEM32;C:\WINDOWS\WinSxS\amd64_microsoft.windows.common-controls_6595b64144ccf1df_6.0.22621.5124_none_270e8f4f7386d69d;C:\Program Files\JetBrains\IntelliJ IDEA Community Edition 2024.2.1\jbr\bin\server

VM Arguments:
java_command: git4idea.http.GitAskPassApp Password for 'https://mayurpatil29@github.com': 
java_class_path (initial): C:/Program Files/JetBrains/IntelliJ IDEA Community Edition 2024.2.1/plugins/vcs-git/lib/git4idea-rt.jar;C:/Program Files/JetBrains/IntelliJ IDEA Community Edition 2024.2.1/lib/externalProcess-rt.jar
Launcher Type: SUN_STANDARD

[Global flags]
     intx CICompilerCount                          = 3                                         {product} {ergonomic}
     uint ConcGCThreads                            = 1                                         {product} {ergonomic}
     uint G1ConcRefinementThreads                  = 4                                         {product} {ergonomic}
   size_t G1HeapRegionSize                         = 1048576                                   {product} {ergonomic}
    uintx GCDrainStackTargetSize                   = 64                                        {product} {ergonomic}
   size_t InitialHeapSize                          = 130023424                                 {product} {ergonomic}
   size_t MarkStackSize                            = 4194304                                   {product} {ergonomic}
   size_t MaxHeapSize                              = 2067791872                                {product} {ergonomic}
   size_t MaxNewSize                               = 1240465408                                {product} {ergonomic}
   size_t MinHeapDeltaBytes                        = 1048576                                   {product} {ergonomic}
   size_t MinHeapSize                              = 8388608                                   {product} {ergonomic}
    uintx NonNMethodCodeHeapSize                   = 5832780                                {pd product} {ergonomic}
    uintx NonProfiledCodeHeapSize                  = 122912730                              {pd product} {ergonomic}
    uintx ProfiledCodeHeapSize                     = 122912730                              {pd product} {ergonomic}
    uintx ReservedCodeCacheSize                    = 251658240                              {pd product} {ergonomic}
     bool SegmentedCodeCache                       = true                                      {product} {ergonomic}
   size_t SoftMaxHeapSize                          = 2067791872                             {manageable} {ergonomic}
     bool UseCompressedOops                        = true                           {product lp64_product} {ergonomic}
     bool UseG1GC                                  = true                                      {product} {ergonomic}
     bool UseLargePagesIndividualAllocation        = false                                  {pd product} {ergonomic}

Logging:
Log output configuration:
 #0: stdout all=warning uptime,level,tags foldmultilines=false
 #1: stderr all=off uptime,level,tags foldmultilines=false

Environment Variables:
PATH=C:\Program Files\Git\mingw64\libexec\git-core;C:\Program Files\Git\mingw64\libexec\git-core;C:\Program Files\Git\mingw64\bin;C:\Program Files\Git\usr\bin;C:\Users\patil\bin;C:\Program Files\Microsoft MPI\Bin;C:\Python311\Scripts;C:\Python311;C:\Program Files\Common Files\Oracle\Java\javapath;C:\Program Files (x86)\Common Files\Oracle\Java\java8path;C:\Program Files (x86)\Common Files\Oracle\Java\javapath;C:\oracle\product\10.2.0\db_1\bin;C:\Program Files\Java\jdk-20\bin;C:\WINDOWS;C:\WINDOWS\System32\Wbem;C:\WINDOWS\System32\WindowsPowerShell\v1.0;C:\WINDOWS\System32\OpenSSH;C:\Program Files (x86)\dotnet;C:\Users\patil\AppData\Local\Programs\Python\Python310\Scripts;C:\Users\patil\AppData\Local\Programs\Python\Python310;C:\Users\patil\AppData\Local\Microsoft\WindowsApps;C:\Users\patil\AppData\Local\Programs\Microsoft VS Code\bin;C:\Program Files (x86)\mingw-w64\i686-8.1.0-posix-dwarf-rt_v6-rev0\mingw32\bin;C:\adb;C:\Program Files\MySQL\MySQL Server 8.0\bin;C:\WINDOWS\system32;C:\WINDOWS;C:\WINDOWS\System32\Wbem;C:\WINDOWS\System32\WindowsPowerShell\v1.0;C:\WINDOWS\System32\OpenSSH;C:\Program Files\Git\cmd;C:\WINDOWS\system32;C:\ProgramData\chocolatey\bin;C:\Program Files\nodejs;C:\Program Files (x86)\Microsoft SQL Server\160\Tools\Binn;C:\Program Files\Microsoft SQL Server\160\Tools\Binn;C:\Program Files\Microsoft SQL Server\Client SDK\ODBC\170\Tools\Binn;C:\Program Files\Microsoft SQL Server\160\DTS\Binn;C:\Program Files (x86)\Microsoft SQL Server\150\Tools\Binn;C:\Program Files\Microsoft SQL Server\150\Tools\Binn;C:\Program Files (x86)\Microsoft SQL Server\150\DTS\Binn;C:\Program Files\Microsoft SQL Server\150\DTS\Binn;C:\Program Files (x86)\Microsoft SQL Server\160\DTS\Binn;C:\Program Files\Azure Data Studio\bin;C:\Users\patil\AppData\Local\Programs\Python\Python310\Scripts;C:\Users\patil\AppData\Local\Programs\Python\Python310;C:\Users\patil\AppData\Local\Microsoft\WindowsApps;C:\Program Files (x86)\mingw-w64\i686-8.1.0-posix-dwarf-rt_v6-rev0\mingw32\bin;C:\Program Files\JetBrains\IntelliJ IDEA Community Edition 2024.2.1\bin;C:\Users\patil\AppData\Local\GitHubDesktop\bin;C:\Exercism;C:\MongoSh;C:\Users\patil\AppData\Roaming\npm;C:\Program Files\Azure Data Studio\bin;C:\Program Files\Azure Data Studio\bin;C:\Users\patil\AppData\Local\Programs\Microsoft VS Code\bin
USERNAME=patil
DISPLAY=:0.0
LC_ALL=en_US.UTF-8
TERM=xterm-256color
TMPDIR=C:\Users\patil\AppData\Local\Temp
OS=Windows_NT
PROCESSOR_IDENTIFIER=Intel64 Family 6 Model 140 Stepping 1, GenuineIntel
TMP=C:\Users\patil\AppData\Local\Temp
TEMP=C:\Users\patil\AppData\Local\Temp




Periodic native trim disabled

JNI global refs:
JNI global refs: 7, weak refs: 0

JNI global refs memory usage: 835, weak refs: 201

Process memory usage:
Resident Set Size: 35368K (0% of 8075748K total physical memory with 493512K free physical memory)

OOME stack traces (most recent first):
Classloader memory used:
Loader bootstrap                                                                       : 6134K
Loader jdk.internal.loader.ClassLoaders$AppClassLoader                                 : 16400B

---------------  S Y S T E M  ---------------

OS:
 Windows 11 , 64 bit Build 22621 (10.0.22621.5124)
OS uptime: 0 days 6:56 hours
Hyper-V role detected

CPU: total 4 (initial active 4) (2 cores per cpu, 2 threads per core) family 6 model 140 stepping 1 microcode 0xa6, cx8, cmov, fxsr, ht, mmx, 3dnowpref, sse, sse2, sse3, ssse3, sse4.1, sse4.2, popcnt, lzcnt, tsc, tscinvbit, avx, avx2, aes, erms, clmul, bmi1, bmi2, adx, avx512f, avx512dq, avx512cd, avx512bw, avx512vl, sha, fma, vzeroupper, avx512_vpopcntdq, avx512_vpclmulqdq, avx512_vaes, avx512_vnni, clflush, clflushopt, clwb, avx512_vbmi2, avx512_vbmi, hv, rdtscp, rdpid, fsrm, gfni, avx512_bitalg, f16c, cet_ibt, cet_ss, avx512_ifma
Processor Information for all 4 processors :
  Max Mhz: 2995, Current Mhz: 2995, Mhz Limit: 2995

Memory: 4k page, system-wide physical 7886M (482M free)
TotalPageFile size 21954M (AvailPageFile size 14M)
current process WorkingSet (physical memory assigned to process): 34M, peak: 34M
current process commit charge ("private bytes"): 190M, peak: 191M

vm_info: OpenJDK 64-Bit Server VM (21.0.4+13-b509.17) for windows-amd64 JRE (21.0.4+13-b509.17), built on 2024-09-04 by "builduser" with MS VC++ 16.10 / 16.11 (VS2019)

END.
